[10-Dec-2014 02:45:27 America/Denver] PHP Notice:  Use of undefined constant E_VAL_SHOULD_SEL_CHECK_FAILED - assumed 'E_VAL_SHOULD_SEL_CHECK_FAILED' in /home1/maxbonam/public_html/versebuster/php/login-signup/include/formvalidator.php on line 330
[25-Jan-2015 19:57:13 America/Denver] PHP Warning:  require_once(/home1/maxbonam/public_html/versebuster/php/login-signup/include/membersite_config.php): failed to open stream: No such file or directory in /home1/maxbonam/public_html/versebuster/php/header.php on line 10
[25-Jan-2015 19:57:13 America/Denver] PHP Fatal error:  require_once(): Failed opening required '/home1/maxbonam/public_html/versebuster/php/login-signup/include/membersite_config.php' (include_path='.:/usr/php/54/usr/lib64:/usr/php/54/usr/share/pear') in /home1/maxbonam/public_html/versebuster/php/header.php on line 10
[25-Jan-2015 19:57:20 America/Denver] PHP Warning:  require_once(/home1/maxbonam/public_html/versebuster/php/login-signup/include/membersite_config.php): failed to open stream: No such file or directory in /home1/maxbonam/public_html/versebuster/php/header.php on line 10
[25-Jan-2015 19:57:20 America/Denver] PHP Fatal error:  require_once(): Failed opening required '/home1/maxbonam/public_html/versebuster/php/login-signup/include/membersite_config.php' (include_path='.:/usr/php/54/usr/lib64:/usr/php/54/usr/share/pear') in /home1/maxbonam/public_html/versebuster/php/header.php on line 10
[25-Jan-2015 19:57:31 America/Denver] PHP Warning:  require_once(/home1/maxbonam/public_html/versebuster/php/login-signup/include/membersite_config.php): failed to open stream: No such file or directory in /home1/maxbonam/public_html/versebuster/php/header.php on line 10
[25-Jan-2015 19:57:31 America/Denver] PHP Fatal error:  require_once(): Failed opening required '/home1/maxbonam/public_html/versebuster/php/login-signup/include/membersite_config.php' (include_path='.:/usr/php/54/usr/lib64:/usr/php/54/usr/share/pear') in /home1/maxbonam/public_html/versebuster/php/header.php on line 10
[25-Jan-2015 19:58:23 America/Denver] PHP Warning:  require_once(/home1/maxbonam/public_html/versebuster/php/login-signup/include/membersite_config.php): failed to open stream: No such file or directory in /home1/maxbonam/public_html/versebuster/php/header.php on line 10
[25-Jan-2015 19:58:23 America/Denver] PHP Fatal error:  require_once(): Failed opening required '/home1/maxbonam/public_html/versebuster/php/login-signup/include/membersite_config.php' (include_path='.:/usr/php/54/usr/lib64:/usr/php/54/usr/share/pear') in /home1/maxbonam/public_html/versebuster/php/header.php on line 10
[25-Jan-2015 19:59:56 America/Denver] PHP Warning:  require_once(/home1/maxbonam/public_html/versebuster/php/login-signup/include/membersite_config.php): failed to open stream: No such file or directory in /home1/maxbonam/public_html/versebuster/php/header.php on line 10
[25-Jan-2015 19:59:56 America/Denver] PHP Fatal error:  require_once(): Failed opening required '/home1/maxbonam/public_html/versebuster/php/login-signup/include/membersite_config.php' (include_path='.:/usr/php/54/usr/lib64:/usr/php/54/usr/share/pear') in /home1/maxbonam/public_html/versebuster/php/header.php on line 10
[25-Jan-2015 20:00:03 America/Denver] PHP Warning:  require_once(/home1/maxbonam/public_html/versebuster/php/login-signup/include/membersite_config.php): failed to open stream: No such file or directory in /home1/maxbonam/public_html/versebuster/php/header.php on line 10
[25-Jan-2015 20:00:03 America/Denver] PHP Fatal error:  require_once(): Failed opening required '/home1/maxbonam/public_html/versebuster/php/login-signup/include/membersite_config.php' (include_path='.:/usr/php/54/usr/lib64:/usr/php/54/usr/share/pear') in /home1/maxbonam/public_html/versebuster/php/header.php on line 10
[25-Jan-2015 20:00:07 America/Denver] PHP Warning:  require_once(/home1/maxbonam/public_html/versebuster/php/login-signup/include/membersite_config.php): failed to open stream: No such file or directory in /home1/maxbonam/public_html/versebuster/php/header.php on line 10
[25-Jan-2015 20:00:07 America/Denver] PHP Fatal error:  require_once(): Failed opening required '/home1/maxbonam/public_html/versebuster/php/login-signup/include/membersite_config.php' (include_path='.:/usr/php/54/usr/lib64:/usr/php/54/usr/share/pear') in /home1/maxbonam/public_html/versebuster/php/header.php on line 10
[25-Jan-2015 20:04:45 America/Denver] PHP Warning:  require_once(/home1/maxbonam/public_html/versebuster/php/login-signup/include/membersite_config.php): failed to open stream: No such file or directory in /home1/maxbonam/public_html/versebuster/php/header.php on line 10
[25-Jan-2015 20:04:45 America/Denver] PHP Fatal error:  require_once(): Failed opening required '/home1/maxbonam/public_html/versebuster/php/login-signup/include/membersite_config.php' (include_path='.:/usr/php/54/usr/lib64:/usr/php/54/usr/share/pear') in /home1/maxbonam/public_html/versebuster/php/header.php on line 10
[25-Jan-2015 20:04:50 America/Denver] PHP Warning:  require_once(/home1/maxbonam/public_html/versebuster/php/login-signup/include/membersite_config.php): failed to open stream: No such file or directory in /home1/maxbonam/public_html/versebuster/php/header.php on line 10
[25-Jan-2015 20:04:50 America/Denver] PHP Fatal error:  require_once(): Failed opening required '/home1/maxbonam/public_html/versebuster/php/login-signup/include/membersite_config.php' (include_path='.:/usr/php/54/usr/lib64:/usr/php/54/usr/share/pear') in /home1/maxbonam/public_html/versebuster/php/header.php on line 10
[25-Jan-2015 20:08:32 America/Denver] PHP Warning:  require_once(/home1/maxbonam/public_html/versebuster/php/login-signup/include/membersite_config.php): failed to open stream: No such file or directory in /home1/maxbonam/public_html/versebuster/php/header.php on line 10
[25-Jan-2015 20:08:32 America/Denver] PHP Fatal error:  require_once(): Failed opening required '/home1/maxbonam/public_html/versebuster/php/login-signup/include/membersite_config.php' (include_path='.:/usr/php/54/usr/lib64:/usr/php/54/usr/share/pear') in /home1/maxbonam/public_html/versebuster/php/header.php on line 10
[25-Jan-2015 20:11:31 America/Denver] PHP Notice:  Undefined variable: fgmembersite in /home1/maxbonam/public_html/versebuster/sign-up.php on line 62
[25-Jan-2015 20:11:31 America/Denver] PHP Fatal error:  Call to a member function GetSelfScript() on a non-object in /home1/maxbonam/public_html/versebuster/sign-up.php on line 62
[25-Jan-2015 20:21:13 America/Denver] PHP Notice:  Undefined variable: fgmembersite in /home1/maxbonam/public_html/versebuster/sign-up.php on line 62
[25-Jan-2015 20:21:13 America/Denver] PHP Fatal error:  Call to a member function GetSelfScript() on a non-object in /home1/maxbonam/public_html/versebuster/sign-up.php on line 62
[25-Jan-2015 20:22:52 America/Denver] PHP Notice:  Undefined variable: fgmembersite in /home1/maxbonam/public_html/versebuster/sign-up.php on line 62
[25-Jan-2015 20:22:52 America/Denver] PHP Fatal error:  Call to a member function GetSelfScript() on a non-object in /home1/maxbonam/public_html/versebuster/sign-up.php on line 62
[19-Feb-2015 23:15:51 America/Denver] PHP Notice:  Undefined variable: fgmembersite in /home1/maxbonam/public_html/versebuster/sign-up.php on line 62
[19-Feb-2015 23:15:51 America/Denver] PHP Fatal error:  Call to a member function GetSelfScript() on a non-object in /home1/maxbonam/public_html/versebuster/sign-up.php on line 62
[25-Feb-2015 05:38:16 America/Denver] PHP Notice:  fputs(): send of 20 bytes failed with errno=32 Broken pipe in /home1/maxbonam/public_html/versebuster/classes/class.smtp.php on line 497
[25-Feb-2015 05:38:17 America/Denver] PHP Notice:  fputs(): send of 12 bytes failed with errno=32 Broken pipe in /home1/maxbonam/public_html/versebuster/classes/class.smtp.php on line 215
[25-Feb-2015 05:39:08 America/Denver] PHP Notice:  fputs(): send of 20 bytes failed with errno=32 Broken pipe in /home1/maxbonam/public_html/versebuster/classes/class.smtp.php on line 497
[25-Feb-2015 05:39:08 America/Denver] PHP Notice:  fputs(): send of 12 bytes failed with errno=32 Broken pipe in /home1/maxbonam/public_html/versebuster/classes/class.smtp.php on line 215
[25-Feb-2015 05:39:26 America/Denver] PHP Notice:  fputs(): send of 20 bytes failed with errno=32 Broken pipe in /home1/maxbonam/public_html/versebuster/classes/class.smtp.php on line 497
[25-Feb-2015 05:39:26 America/Denver] PHP Notice:  fputs(): send of 12 bytes failed with errno=32 Broken pipe in /home1/maxbonam/public_html/versebuster/classes/class.smtp.php on line 215
[25-Feb-2015 05:39:44 America/Denver] PHP Notice:  fputs(): send of 20 bytes failed with errno=32 Broken pipe in /home1/maxbonam/public_html/versebuster/classes/class.smtp.php on line 497
[25-Feb-2015 05:39:44 America/Denver] PHP Notice:  fputs(): send of 12 bytes failed with errno=32 Broken pipe in /home1/maxbonam/public_html/versebuster/classes/class.smtp.php on line 215
[25-Feb-2015 05:49:48 America/Denver] PHP Notice:  fputs(): send of 20 bytes failed with errno=32 Broken pipe in /home1/maxbonam/public_html/versebuster/classes/class.smtp.php on line 497
[25-Feb-2015 05:49:48 America/Denver] PHP Notice:  fputs(): send of 12 bytes failed with errno=32 Broken pipe in /home1/maxbonam/public_html/versebuster/classes/class.smtp.php on line 215
[03-Mar-2015 21:02:25 America/Denver] PHP Notice:  Undefined variable: token in /home1/maxbonam/public_html/versebuster/includes/newsletter/newsletter.php on line 8
[03-Mar-2015 21:03:22 America/Denver] PHP Notice:  Undefined variable: token in /home1/maxbonam/public_html/versebuster/includes/newsletter/newsletter.php on line 8
[03-Mar-2015 21:03:26 America/Denver] PHP Notice:  Undefined variable: token in /home1/maxbonam/public_html/versebuster/includes/newsletter/newsletter.php on line 8
[03-Mar-2015 21:03:36 America/Denver] PHP Notice:  Undefined variable: token in /home1/maxbonam/public_html/versebuster/includes/newsletter/newsletter.php on line 8
[15-Apr-2015 18:00:32 America/Denver] PHP Warning:  require_once(/home1/maxbonam/public_html/versebuster/functions/paypalData.php): failed to open stream: No such file or directory in /home1/maxbonam/public_html/versebuster/core/init.php on line 46
[15-Apr-2015 18:00:32 America/Denver] PHP Fatal error:  require_once(): Failed opening required '/home1/maxbonam/public_html/versebuster/functions/paypalData.php' (include_path='.:/usr/php/54/usr/lib64:/usr/php/54/usr/share/pear') in /home1/maxbonam/public_html/versebuster/core/init.php on line 46
[15-Apr-2015 18:01:16 America/Denver] PHP Warning:  require_once(/home1/maxbonam/public_html/versebuster/functions/paypalData.php): failed to open stream: No such file or directory in /home1/maxbonam/public_html/versebuster/core/init.php on line 46
[15-Apr-2015 18:01:16 America/Denver] PHP Fatal error:  require_once(): Failed opening required '/home1/maxbonam/public_html/versebuster/functions/paypalData.php' (include_path='.:/usr/php/54/usr/lib64:/usr/php/54/usr/share/pear') in /home1/maxbonam/public_html/versebuster/core/init.php on line 46
[15-Apr-2015 18:01:24 America/Denver] PHP Warning:  require_once(/home1/maxbonam/public_html/versebuster/functions/paypalData.php): failed to open stream: No such file or directory in /home1/maxbonam/public_html/versebuster/core/init.php on line 46
[15-Apr-2015 18:01:24 America/Denver] PHP Fatal error:  require_once(): Failed opening required '/home1/maxbonam/public_html/versebuster/functions/paypalData.php' (include_path='.:/usr/php/54/usr/lib64:/usr/php/54/usr/share/pear') in /home1/maxbonam/public_html/versebuster/core/init.php on line 46
[19-Aug-2016 23:44:23 America/Denver] PHP Warning:  include_once(/home1/maxbonam/public_html/versebuster/versebuster/includes/newsletter/newsletter.php): failed to open stream: No such file or directory in /home1/maxbonam/public_html/versebuster/index2.php on line 578
[19-Aug-2016 23:44:23 America/Denver] PHP Warning:  include_once(): Failed opening '/home1/maxbonam/public_html/versebuster/versebuster/includes/newsletter/newsletter.php' for inclusion (include_path='.:/usr/php/54/usr/lib64:/usr/php/54/usr/share/pear') in /home1/maxbonam/public_html/versebuster/index2.php on line 578
[20-Aug-2016 00:18:10 America/Denver] PHP Warning:  include_once(/home1/maxbonam/public_html/versebuster/versebuster/includes/newsletter/newsletter.php): failed to open stream: No such file or directory in /home1/maxbonam/public_html/versebuster/index2.php on line 578
[20-Aug-2016 00:18:10 America/Denver] PHP Warning:  include_once(): Failed opening '/home1/maxbonam/public_html/versebuster/versebuster/includes/newsletter/newsletter.php' for inclusion (include_path='.:/usr/php/54/usr/lib64:/usr/php/54/usr/share/pear') in /home1/maxbonam/public_html/versebuster/index2.php on line 578
[21-Sep-2016 14:28:56 America/Denver] PHP Warning:  require_once(/home1/maxbonam/public_html/php/header.php): failed to open stream: No such file or directory in /home1/maxbonam/public_html/versebuster/copyright.php on line 3
[21-Sep-2016 14:28:56 America/Denver] PHP Fatal error:  require_once(): Failed opening required '/home1/maxbonam/public_html/php/header.php' (include_path='.:/usr/php/54/usr/lib64:/usr/php/54/usr/share/pear') in /home1/maxbonam/public_html/versebuster/copyright.php on line 3
[21-Sep-2016 20:50:43] PHP Parse error:  syntax error, unexpected T_FUNCTION, expecting ')' in /home1/maxbonam/public_html/core/init.php on line 58
[21-Sep-2016 20:50:45] PHP Parse error:  syntax error, unexpected T_FUNCTION, expecting ')' in /home1/maxbonam/public_html/core/init.php on line 58
[21-Sep-2016 20:51:05] PHP Parse error:  syntax error, unexpected T_FUNCTION, expecting ')' in /home1/maxbonam/public_html/core/init.php on line 58
[21-Sep-2016 20:51:12] PHP Parse error:  syntax error, unexpected T_FUNCTION, expecting ')' in /home1/maxbonam/public_html/core/init.php on line 58
[21-Sep-2016 21:22:09] PHP Parse error:  syntax error, unexpected T_FUNCTION, expecting ')' in /home1/maxbonam/public_html/core/init.php on line 58
[21-Sep-2016 22:43:30] PHP Parse error:  syntax error, unexpected T_FUNCTION, expecting ')' in /home1/maxbonam/public_html/core/init.php on line 58
[21-Sep-2016 22:48:06] PHP Parse error:  syntax error, unexpected T_FUNCTION, expecting ')' in /home1/maxbonam/public_html/core/init.php on line 58
[21-Sep-2016 23:21:36] PHP Parse error:  syntax error, unexpected T_FUNCTION, expecting ')' in /home1/maxbonam/public_html/core/init.php on line 58
[21-Sep-2016 23:55:05] PHP Parse error:  syntax error, unexpected T_FUNCTION, expecting ')' in /home1/maxbonam/public_html/core/init.php on line 58
[22-Sep-2016 00:03:53] PHP Parse error:  syntax error, unexpected T_FUNCTION, expecting ')' in /home1/maxbonam/public_html/core/init.php on line 58
[22-Sep-2016 00:03:56] PHP Parse error:  syntax error, unexpected T_FUNCTION, expecting ')' in /home1/maxbonam/public_html/core/init.php on line 58
[22-Sep-2016 00:06:35] PHP Parse error:  syntax error, unexpected T_FUNCTION, expecting ')' in /home1/maxbonam/public_html/core/init.php on line 58
[22-Sep-2016 00:06:48] PHP Parse error:  syntax error, unexpected T_FUNCTION, expecting ')' in /home1/maxbonam/public_html/core/init.php on line 58
[22-Sep-2016 00:20:07] PHP Parse error:  syntax error, unexpected T_FUNCTION, expecting ')' in /home1/maxbonam/public_html/core/init.php on line 58
[22-Sep-2016 00:22:48] PHP Parse error:  syntax error, unexpected T_FUNCTION, expecting ')' in /home1/maxbonam/public_html/core/init.php on line 58
[22-Sep-2016 00:25:25] PHP Parse error:  syntax error, unexpected T_FUNCTION, expecting ')' in /home1/maxbonam/public_html/core/init.php on line 58
[22-Sep-2016 00:34:54] PHP Parse error:  syntax error, unexpected T_FUNCTION, expecting ')' in /home1/maxbonam/public_html/core/init.php on line 58
[22-Sep-2016 00:46:59] PHP Parse error:  syntax error, unexpected T_FUNCTION, expecting ')' in /home1/maxbonam/public_html/core/init.php on line 58
[22-Sep-2016 00:50:51] PHP Parse error:  syntax error, unexpected T_FUNCTION, expecting ')' in /home1/maxbonam/public_html/core/init.php on line 58
[22-Sep-2016 00:50:53] PHP Parse error:  syntax error, unexpected T_FUNCTION, expecting ')' in /home1/maxbonam/public_html/core/init.php on line 58
[22-Sep-2016 01:02:04] PHP Parse error:  syntax error, unexpected T_FUNCTION, expecting ')' in /home1/maxbonam/public_html/core/init.php on line 58
[22-Sep-2016 01:08:41] PHP Parse error:  syntax error, unexpected T_FUNCTION, expecting ')' in /home1/maxbonam/public_html/core/init.php on line 58
[22-Sep-2016 01:09:59] PHP Parse error:  syntax error, unexpected T_FUNCTION, expecting ')' in /home1/maxbonam/public_html/core/init.php on line 58
[22-Sep-2016 01:16:43] PHP Parse error:  syntax error, unexpected '[' in /home1/maxbonam/public_html/classes/DB.php on line 127
[22-Sep-2016 01:20:51] PHP Parse error:  syntax error, unexpected '[' in /home1/maxbonam/public_html/classes/DB.php on line 127
[22-Sep-2016 01:22:59] PHP Parse error:  syntax error, unexpected T_FUNCTION, expecting ')' in /home1/maxbonam/public_html/core/init.php on line 58
[22-Sep-2016 01:27:40] PHP Parse error:  syntax error, unexpected '[' in /home1/maxbonam/public_html/classes/DB.php on line 127
[22-Sep-2016 01:30:56] PHP Parse error:  syntax error, unexpected '[' in /home1/maxbonam/public_html/classes/DB.php on line 127
[22-Sep-2016 01:32:46] PHP Parse error:  syntax error, unexpected '[' in /home1/maxbonam/public_html/classes/DB.php on line 127
[22-Sep-2016 01:32:47] PHP Parse error:  syntax error, unexpected '[' in /home1/maxbonam/public_html/classes/DB.php on line 127
[22-Sep-2016 01:33:03] PHP Parse error:  syntax error, unexpected '[' in /home1/maxbonam/public_html/classes/DB.php on line 127
[22-Sep-2016 01:33:03] PHP Parse error:  syntax error, unexpected '[' in /home1/maxbonam/public_html/classes/DB.php on line 127
[22-Sep-2016 01:33:04] PHP Parse error:  syntax error, unexpected '[' in /home1/maxbonam/public_html/classes/DB.php on line 127
[22-Sep-2016 01:33:04] PHP Parse error:  syntax error, unexpected '[' in /home1/maxbonam/public_html/classes/DB.php on line 127
[22-Sep-2016 01:33:04] PHP Parse error:  syntax error, unexpected '[' in /home1/maxbonam/public_html/classes/DB.php on line 127
[22-Sep-2016 01:33:05] PHP Parse error:  syntax error, unexpected '[' in /home1/maxbonam/public_html/classes/DB.php on line 127
[22-Sep-2016 01:33:05] PHP Parse error:  syntax error, unexpected T_FUNCTION in /home1/maxbonam/public_html/join.php on line 112
[22-Sep-2016 01:33:05] PHP Parse error:  syntax error, unexpected T_FUNCTION in /home1/maxbonam/public_html/join.php on line 112
[22-Sep-2016 01:33:06] PHP Parse error:  syntax error, unexpected T_FUNCTION in /home1/maxbonam/public_html/join.php on line 112
[22-Sep-2016 01:33:06] PHP Parse error:  syntax error, unexpected T_FUNCTION in /home1/maxbonam/public_html/join.php on line 112
[22-Sep-2016 01:46:28] PHP Parse error:  syntax error, unexpected '[' in /home1/maxbonam/public_html/classes/DB.php on line 127
[22-Sep-2016 01:46:28] PHP Parse error:  syntax error, unexpected '[' in /home1/maxbonam/public_html/classes/DB.php on line 127
[22-Sep-2016 01:58:16] PHP Parse error:  syntax error, unexpected T_FUNCTION, expecting ')' in /home1/maxbonam/public_html/core/init.php on line 58
[22-Sep-2016 02:02:38] PHP Parse error:  syntax error, unexpected '[' in /home1/maxbonam/public_html/classes/DB.php on line 127
[22-Sep-2016 02:03:00] PHP Parse error:  syntax error, unexpected '[' in /home1/maxbonam/public_html/classes/DB.php on line 127
[22-Sep-2016 02:29:13] PHP Parse error:  syntax error, unexpected '[' in /home1/maxbonam/public_html/classes/DB.php on line 127
[22-Sep-2016 02:29:17] PHP Parse error:  syntax error, unexpected '[' in /home1/maxbonam/public_html/classes/DB.php on line 127
[22-Sep-2016 02:29:19] PHP Parse error:  syntax error, unexpected '[' in /home1/maxbonam/public_html/classes/DB.php on line 127
[24-Sep-2016 06:21:53] PHP Parse error:  syntax error, unexpected T_FUNCTION in /home1/maxbonam/public_html/join.php on line 112
[24-Sep-2016 06:21:53] PHP Parse error:  syntax error, unexpected T_FUNCTION in /home1/maxbonam/public_html/join.php on line 112
[27-Sep-2016 01:40:45] PHP Parse error:  syntax error, unexpected T_FUNCTION in /home1/maxbonam/public_html/join.php on line 112
[27-Sep-2016 01:40:45] PHP Parse error:  syntax error, unexpected T_FUNCTION in /home1/maxbonam/public_html/join.php on line 112
[05-Oct-2016 17:57:16] PHP Parse error:  syntax error, unexpected T_FUNCTION in /home1/maxbonam/public_html/join.php on line 112
[06-Oct-2016 01:31:48] PHP Parse error:  syntax error, unexpected T_FUNCTION in /home1/maxbonam/public_html/join.php on line 112
[06-Oct-2016 01:31:48] PHP Parse error:  syntax error, unexpected T_FUNCTION in /home1/maxbonam/public_html/join.php on line 112
[08-Oct-2016 23:28:56] PHP Parse error:  syntax error, unexpected T_FUNCTION in /home1/maxbonam/public_html/join.php on line 112
[08-Oct-2016 23:29:35] PHP Parse error:  syntax error, unexpected T_FUNCTION in /home1/maxbonam/public_html/join.php on line 112
[08-Oct-2016 23:29:52] PHP Parse error:  syntax error, unexpected T_FUNCTION in /home1/maxbonam/public_html/join.php on line 112
[09-Oct-2016 00:22:47] PHP Parse error:  syntax error, unexpected T_FUNCTION in /home1/maxbonam/public_html/join.php on line 112
[09-Oct-2016 00:22:54] PHP Parse error:  syntax error, unexpected T_FUNCTION in /home1/maxbonam/public_html/join.php on line 112
[09-Oct-2016 00:22:59] PHP Parse error:  syntax error, unexpected T_FUNCTION in /home1/maxbonam/public_html/join.php on line 112
[09-Oct-2016 00:26:11] PHP Parse error:  syntax error, unexpected T_FUNCTION in /home1/maxbonam/public_html/join.php on line 112
[09-Oct-2016 00:26:12] PHP Parse error:  syntax error, unexpected T_FUNCTION in /home1/maxbonam/public_html/join.php on line 112
[09-Oct-2016 00:32:00] PHP Parse error:  syntax error, unexpected T_FUNCTION in /home1/maxbonam/public_html/join.php on line 112
[09-Oct-2016 00:35:40] PHP Parse error:  syntax error, unexpected '[' in /home1/maxbonam/public_html/classes/DB.php on line 127
[09-Oct-2016 00:35:43] PHP Parse error:  syntax error, unexpected '[' in /home1/maxbonam/public_html/classes/DB.php on line 127
[09-Oct-2016 00:41:33] PHP Parse error:  syntax error, unexpected T_FUNCTION in /home1/maxbonam/public_html/join.php on line 112
[09-Oct-2016 00:43:14] PHP Fatal error:  Call to undefined method DB::first() in /home1/maxbonam/public_html/classes/User.php on line 51
[09-Oct-2016 00:48:21] PHP Parse error:  syntax error, unexpected T_FUNCTION in /home1/maxbonam/public_html/join.php on line 112
